<?xml version="1.0" encoding="UTF-8"?>
<!-- Generated by org.testng.reporters.JUnitReportReporter -->
<testsuite hostname="LAPTOP-TK3V614K" failures="0" tests="1" name="Project.Mockup.ForgotPassword" time="12.551" errors="0" timestamp="2021-12-29T15:10:40 CST" skipped="0">
  <testcase classname="Project.Mockup.ForgotPassword" name="retrievePassword" time="12.551"/>
  <system-out/>
</testsuite> <!-- Project.Mockup.ForgotPassword -->
