<?xml version="1.0" encoding="UTF-8"?>
<!-- Generated by org.testng.reporters.JUnitReportReporter -->
<testsuite hostname="LAPTOP-TK3V614K" failures="0" tests="1" name="Project.Mockup.BaseTest" time="9.069" errors="0" timestamp="2021-12-27T23:18:53 CST" skipped="0">
  <testcase classname="Project.Mockup.BaseTest" name="baseNavigationPage" time="9.069"/>
  <system-out/>
</testsuite> <!-- Project.Mockup.BaseTest -->
