<?xml version="1.0" encoding="UTF-8"?>
<!-- Generated by org.testng.reporters.JUnitReportReporter -->
<testsuite hostname="LAPTOP-TK3V614K" failures="0" tests="2" name="Project.Mockup.HomePage" time="24.091" errors="0" timestamp="2022-01-01T13:51:12 CST" skipped="0">
  <testcase classname="Project.Mockup.HomePage" name="baseNavigationPage2" time="11.424"/>
  <system-out/>
  <testcase classname="Project.Mockup.HomePage" name="baseNavigationPage2" time="12.667"/>
  <system-out/>
</testsuite> <!-- Project.Mockup.HomePage -->
