<?xml version="1.0" encoding="UTF-8"?>
<!-- Generated by org.testng.reporters.JUnitReportReporter -->
<testsuite hostname="LAPTOP-TK3V614K" failures="0" tests="1" name="Project.Mockup.TitleValidation" time="0.180" errors="0" timestamp="2022-01-01T13:51:12 CST" skipped="0">
  <testcase classname="Project.Mockup.TitleValidation" name="baseNavigationPage1" time="0.180"/>
  <system-out/>
</testsuite> <!-- Project.Mockup.TitleValidation -->
