<?xml version="1.0" encoding="UTF-8"?>
<!-- Generated by org.testng.reporters.JUnitReportReporter -->
<testsuite hostname="LAPTOP-TK3V614K" failures="0" tests="1" name="Project.Mockup.ContactTabValidation" time="0.237" errors="0" timestamp="2022-01-01T14:10:39 CST" skipped="0">
  <testcase classname="Project.Mockup.ContactTabValidation" name="baseNavigationPage" time="0.237"/>
  <system-out/>
</testsuite> <!-- Project.Mockup.ContactTabValidation -->
