<?xml version="1.0" encoding="UTF-8"?>
<!-- Generated by org.testng.reporters.JUnitReportReporter -->
<testsuite hostname="LAPTOP-TK3V614K" failures="0" tests="2" name="cucumberOptions.TestRunner" time="26.591" errors="0" timestamp="2022-01-01T15:54:12 CST" skipped="0">
  <testcase classname="cucumberOptions.TestRunner" name="runScenario" time="14.339"/>
  <system-out/>
  <testcase classname="cucumberOptions.TestRunner" name="runScenario" time="12.252"/>
  <system-out/>
</testsuite> <!-- cucumberOptions.TestRunner -->
