<?xml version="1.0" encoding="UTF-8"?>
<!-- Generated by org.testng.reporters.JUnitReportReporter -->
<testsuite hostname="LAPTOP-TK3V614K" failures="0" tests="2" name="Project.Mockup.HomePage" time="51.049" errors="0" timestamp="2022-01-01T14:10:39 CST" skipped="0">
  <testcase classname="Project.Mockup.HomePage" name="baseNavigationPage2" time="34.780"/>
  <system-out/>
  <testcase classname="Project.Mockup.HomePage" name="baseNavigationPage2" time="16.269"/>
  <system-out/>
</testsuite> <!-- Project.Mockup.HomePage -->
